<?xml version="1.0" encoding="UTF-8"?>
<!-- Generated by org.testng.reporters.JUnitReportReporter -->
<testsuite hostname="JAVA" name="PageObjectScript.TestPageObject" tests="2" failures="0" timestamp="19 Sep 2014 09:13:11 GMT" time="92.763" errors="0">
  <testcase name="TestMethod" time="88.411" classname="PageObjectScript.TestPageObject"/>
  <testcase name="Lostpasswd" time="4.352" classname="PageObjectScript.TestPageObject"/>
</testsuite> <!-- PageObjectScript.TestPageObject -->
