<?xml version="1.0" encoding="UTF-8"?>
<!-- Generated by org.testng.reporters.JUnitReportReporter -->
<testsuite hostname="JAVA" name="foo.LocatorStrategy" tests="1" failures="0" timestamp="18 Sep 2014 08:48:34 GMT" time="175.746" errors="0">
  <testcase name="locatorMethod" time="175.746" classname="foo.LocatorStrategy"/>
</testsuite> <!-- foo.LocatorStrategy -->
