<?xml version="1.0" encoding="UTF-8"?>
<!-- Generated by org.testng.reporters.JUnitReportReporter -->
<testsuite hostname="JAVA" name="foo.ExcelSheetHandle" tests="1" failures="0" timestamp="18 Sep 2014 12:15:58 GMT" time="45.362" errors="0">
  <testcase name="excelSheetMethod" time="45.362" classname="foo.ExcelSheetHandle"/>
</testsuite> <!-- foo.ExcelSheetHandle -->
