<?xml version="1.0" encoding="UTF-8"?>
<!-- Generated by org.testng.reporters.JUnitReportReporter -->
<testsuite hostname="JAVA" name="persistent.code.DesiredCap" tests="1" failures="0" timestamp="19 Sep 2014 10:59:50 GMT" time="18.521" errors="0">
  <testcase name="f" time="18.521" classname="persistent.code.DesiredCap"/>
</testsuite> <!-- persistent.code.DesiredCap -->
