<?xml version="1.0" encoding="UTF-8"?>
<!-- Generated by org.testng.reporters.JUnitReportReporter -->
<testsuite hostname="JAVA" name="foo.MultipleWindows" tests="1" failures="0" timestamp="18 Sep 2014 08:39:44 GMT" time="183.184" errors="0">
  <testcase name="handleWindows" time="183.184" classname="foo.MultipleWindows"/>
</testsuite> <!-- foo.MultipleWindows -->
