<?xml version="1.0" encoding="UTF-8"?>
<!-- Generated by org.testng.reporters.JUnitReportReporter -->
<testsuite hostname="JAVA" name="foo.propertyFile" tests="1" failures="0" timestamp="18 Sep 2014 10:15:44 GMT" time="20.675" errors="0">
  <testcase name="propertyFileMethod" time="20.675" classname="foo.propertyFile"/>
</testsuite> <!-- foo.propertyFile -->
