<?xml version="1.0" encoding="UTF-8"?>
<!-- Generated by org.testng.reporters.JUnitReportReporter -->
<testsuite hostname="JAVA" name="foo.Log4jExample" tests="1" failures="0" timestamp="19 Sep 2014 06:22:47 GMT" time="12.563" errors="0">
  <testcase name="loggingMethod" time="12.563" classname="foo.Log4jExample"/>
</testsuite> <!-- foo.Log4jExample -->
